<?xml version="1.0" encoding="UTF-8"?>
<!-- Generated by org.testng.reporters.JUnitReportReporter -->
<testsuite skipped="0" hostname="LAPTOP-O4I02FC2" name="test.ListCustomerTest" tests="1" failures="0" timestamp="2021-02-03T16:56:09 CST" time="11.572" errors="0">
  <testcase name="listcustomersform" time="11.572" classname="test.ListCustomerTest"/>
  <system-out/>
</testsuite> <!-- test.ListCustomerTest -->
