<?xml version="1.0" encoding="UTF-8"?>
<!-- Generated by org.testng.reporters.JUnitReportReporter -->
<testsuite skipped="0" hostname="LAPTOP-O4I02FC2" name="test.AddCustomersTest" tests="1" failures="0" timestamp="2021-02-03T18:50:20 CST" time="20.351" errors="0">
  <testcase name="customersform" time="20.351" classname="test.AddCustomersTest"/>
  <system-out/>
</testsuite> <!-- test.AddCustomersTest -->
