<?xml version="1.0" encoding="UTF-8"?>
<!-- Generated by org.testng.reporters.JUnitReportReporter -->
<testsuite skipped="0" hostname="LAPTOP-O4I02FC2" name="test.LoginTest" tests="1" failures="0" timestamp="2021-02-03T12:05:42 CST" time="10.349" errors="0">
  <testcase name="validlogInUser" time="10.349" classname="test.LoginTest"/>
  <system-out/>
</testsuite> <!-- test.LoginTest -->
