<?xml version="1.0" encoding="UTF-8"?>
<!-- Generated by org.testng.reporters.JUnitReportReporter -->
<testsuite skipped="0" hostname="LAPTOP-O4I02FC2" name="test.LoginTest" tests="1" failures="0" timestamp="26 Jan 2021 17:26:02 GMT" time="5.293" errors="0">
  <testcase name="validlogInUser" time="5.293" classname="test.LoginTest"/>
</testsuite> <!-- test.LoginTest -->
